[debug] [2022-02-12T05:11:04.454Z] ----------------------------------------------------------------------
[debug] [2022-02-12T05:11:04.455Z] Command:       /opt/homebrew/Cellar/node@14/14.18.1/bin/node /opt/homebrew/bin/firebase init
[debug] [2022-02-12T05:11:04.455Z] CLI Version:   9.23.0
[debug] [2022-02-12T05:11:04.455Z] Platform:      darwin
[debug] [2022-02-12T05:11:04.455Z] Node Version:  v14.18.1
[debug] [2022-02-12T05:11:04.455Z] Time:          Sat Feb 12 2022 13:11:04 GMT+0800 (China Standard Time)
[debug] [2022-02-12T05:11:04.456Z] ----------------------------------------------------------------------
[debug] 
[debug] [2022-02-12T05:11:04.456Z] >>> [apiv2][query] GET https://firebase-public.firebaseio.com/cli.json [none]
[debug] [2022-02-12T05:11:04.472Z] > command requires scopes: ["email","openid","https://www.googleapis.com/auth/cloudplatformprojects.readonly","https://www.googleapis.com/auth/firebase","https://www.googleapis.com/auth/cloud-platform"]
[debug] [2022-02-12T05:11:04.472Z] > authorizing via signed-in user (aijieshu@gmail.com)
[info] 
     ######## #### ########  ######## ########     ###     ######  ########
     ##        ##  ##     ## ##       ##     ##  ##   ##  ##       ##
     ######    ##  ########  ######   ########  #########  ######  ######
     ##        ##  ##    ##  ##       ##     ## ##     ##       ## ##
     ##       #### ##     ## ######## ########  ##     ##  ######  ########

You're about to initialize a Firebase project in this directory:

  /Users/losdwind/Library/CloudStorage/OneDrive-Personal/Code/FigurichOfficialWebsite

[debug] [2022-02-12T05:11:05.465Z] <<< [apiv2][status] GET https://firebase-public.firebaseio.com/cli.json 200
[debug] [2022-02-12T05:11:05.465Z] <<< [apiv2][body] GET https://firebase-public.firebaseio.com/cli.json {"cloudBuildErrorAfter":1594252800000,"cloudBuildWarnAfter":1590019200000,"defaultNode10After":1594252800000,"minVersion":"3.0.5","node8DeploysDisabledAfter":1613390400000,"node8RuntimeDisabledAfter":1615809600000,"node8WarnAfter":1600128000000}
